SF:lib/src/builder.dart
DA:9,1
DA:10,2
DA:11,3
DA:12,5
DA:15,4
DA:16,1
DA:17,2
DA:20,3
LF:8
LH:8
end_of_record
SF:lib/src/clayblocks/text.dart
DA:11,1
DA:12,1
DA:13,1
DA:14,3
DA:16,1
DA:17,3
DA:19,1
DA:20,3
DA:25,1
DA:26,5
DA:27,4
DA:31,1
DA:32,5
DA:33,4
DA:36,1
DA:37,5
DA:38,1
DA:41,1
DA:42,1
DA:43,1
DA:44,4
DA:46,1
DA:47,4
DA:54,1
DA:57,1
DA:58,1
DA:59,1
DA:61,1
DA:62,1
DA:64,1
DA:65,1
DA:68,1
DA:83,1
DA:84,3
DA:87,1
DA:88,3
LF:36
LH:36
end_of_record
SF:lib/src/clayblocks/clayblock.dart
DA:17,1
LF:1
LH:1
end_of_record
SF:lib/src/styling.dart
DA:9,0
DA:13,0
DA:14,0
LF:3
LH:0
end_of_record
SF:lib/src/clayblocks/image.dart
DA:6,0
LF:1
LH:0
end_of_record
SF:lib/src/clayblocks/video.dart
DA:6,0
LF:1
LH:0
end_of_record
SF:lib/src/container.dart
DA:5,1
DA:8,1
DA:10,1
DA:11,2
DA:12,1
DA:13,2
DA:14,3
LF:7
LH:7
end_of_record
