SF:lib/src/builder.dart
DA:9,1
DA:10,2
DA:11,2
DA:12,6
DA:13,1
LF:5
LH:5
end_of_record
SF:lib/src/clayblocks/text.dart
DA:10,1
DA:11,1
DA:12,1
DA:13,3
DA:15,1
DA:16,3
DA:18,1
DA:19,3
DA:24,1
DA:25,5
DA:27,1
DA:28,5
DA:30,1
DA:31,1
DA:34,1
DA:35,1
DA:36,1
DA:37,4
DA:39,1
DA:40,2
DA:45,1
DA:48,1
DA:49,1
DA:50,1
DA:52,1
DA:53,1
DA:55,1
DA:56,1
DA:59,1
DA:74,1
DA:75,3
DA:78,1
DA:79,3
LF:33
LH:33
end_of_record
SF:lib/src/clayblocks/clayblock.dart
DA:17,1
LF:1
LH:1
end_of_record
SF:lib/src/styling.dart
DA:9,0
DA:13,0
DA:14,0
LF:3
LH:0
end_of_record
SF:lib/src/clayblocks/image.dart
DA:6,0
LF:1
LH:0
end_of_record
SF:lib/src/clayblocks/video.dart
DA:6,0
LF:1
LH:0
end_of_record
SF:lib/src/container.dart
DA:5,1
DA:8,1
DA:10,1
DA:11,2
DA:12,1
DA:13,2
DA:14,3
LF:7
LH:7
end_of_record
